[6.030s] DEBUG:colcon:Command line arguments: ['/usr/bin/colcon', 'build']
[6.030s] DEBUG:colcon:Parsed command line arguments: Namespace(log_base=None, log_level=None, verb_name='build', build_base='build', install_base='install', merge_install=False, symlink_install=False, test_result_base=None, continue_on_error=False, executor='parallel', parallel_workers=16, event_handlers=None, ignore_user_meta=False, metas=['./colcon.meta'], base_paths=['.'], packages_ignore=None, packages_ignore_regex=None, paths=None, packages_up_to=None, packages_up_to_regex=None, packages_above=None, packages_above_and_dependencies=None, packages_above_depth=None, packages_select_by_dep=None, packages_skip_by_dep=None, packages_skip_up_to=None, packages_select_build_failed=False, packages_skip_build_finished=False, packages_select_test_failures=False, packages_skip_test_passed=False, packages_select=None, packages_skip=None, packages_select_regex=None, packages_skip_regex=None, packages_start=None, packages_end=None, allow_overriding=[], cmake_args=None, cmake_target=None, cmake_target_skip_unavailable=False, cmake_clean_cache=False, cmake_clean_first=False, cmake_force_configure=False, ament_cmake_args=None, catkin_cmake_args=None, catkin_skip_building_tests=False, mixin_files=None, mixin=None, verb_parser=<colcon_mixin.mixin.mixin_argument.MixinArgumentDecorator object at 0x74585785ccd0>, verb_extension=<colcon_core.verb.build.BuildVerb object at 0x7458579ce620>, main=<bound method BuildVerb.main of <colcon_core.verb.build.BuildVerb object at 0x7458579ce620>>, mixin_verb=('build',))
[12.412s] Level 1:colcon.colcon_core.package_discovery:discover_packages(colcon_meta) check parameters
[12.412s] Level 1:colcon.colcon_core.package_discovery:discover_packages(recursive) check parameters
[12.412s] Level 1:colcon.colcon_core.package_discovery:discover_packages(ignore) check parameters
[12.412s] Level 1:colcon.colcon_core.package_discovery:discover_packages(path) check parameters
[12.412s] Level 1:colcon.colcon_core.package_discovery:discover_packages(colcon_meta) discover
[12.412s] Level 1:colcon.colcon_core.package_discovery:discover_packages(recursive) discover
[12.412s] INFO:colcon.colcon_core.package_discovery:Crawling recursively for packages in '/home/alex/Turret_ws'
[12.412s] Level 1:colcon.colcon_core.package_identification:_identify(.) by extensions ['ignore', 'ignore_ament_install']
[12.413s] Level 1:colcon.colcon_core.package_identification:_identify(.) by extension 'ignore'
[12.413s] Level 1:colcon.colcon_core.package_identification:_identify(.) by extension 'ignore_ament_install'
[12.413s] Level 1:colcon.colcon_core.package_identification:_identify(.) by extensions ['colcon_pkg']
[12.413s] Level 1:colcon.colcon_core.package_identification:_identify(.) by extension 'colcon_pkg'
[12.413s] Level 1:colcon.colcon_core.package_identification:_identify(.) by extensions ['colcon_meta']
[12.413s] Level 1:colcon.colcon_core.package_identification:_identify(.) by extension 'colcon_meta'
[12.413s] Level 1:colcon.colcon_core.package_identification:_identify(.) by extensions ['ros']
[12.413s] Level 1:colcon.colcon_core.package_identification:_identify(.) by extension 'ros'
[12.585s] Level 1:colcon.colcon_core.package_identification:_identify(.) by extensions ['cmake', 'python']
[12.585s] Level 1:colcon.colcon_core.package_identification:_identify(.) by extension 'cmake'
[12.585s] Level 1:colcon.colcon_core.package_identification:_identify(.) by extension 'python'
[12.585s] Level 1:colcon.colcon_core.package_identification:_identify(.) by extensions ['python_setup_py']
[12.585s] Level 1:colcon.colcon_core.package_identification:_identify(.) by extension 'python_setup_py'
[12.585s] Level 1:colcon.colcon_core.package_identification:_identify(build) by extensions ['ignore', 'ignore_ament_install']
[12.585s] Level 1:colcon.colcon_core.package_identification:_identify(build) by extension 'ignore'
[12.585s] Level 1:colcon.colcon_core.package_identification:_identify(build) ignored
[12.585s] Level 1:colcon.colcon_core.package_identification:_identify(install) by extensions ['ignore', 'ignore_ament_install']
[12.585s] Level 1:colcon.colcon_core.package_identification:_identify(install) by extension 'ignore'
[12.585s] Level 1:colcon.colcon_core.package_identification:_identify(install) ignored
[12.586s] Level 1:colcon.colcon_core.package_identification:_identify(log) by extensions ['ignore', 'ignore_ament_install']
[12.586s] Level 1:colcon.colcon_core.package_identification:_identify(log) by extension 'ignore'
[12.586s] Level 1:colcon.colcon_core.package_identification:_identify(log) ignored
[12.586s] Level 1:colcon.colcon_core.package_identification:_identify(src) by extensions ['ignore', 'ignore_ament_install']
[12.586s] Level 1:colcon.colcon_core.package_identification:_identify(src) by extension 'ignore'
[12.586s] Level 1:colcon.colcon_core.package_identification:_identify(src) by extension 'ignore_ament_install'
[12.586s] Level 1:colcon.colcon_core.package_identification:_identify(src) by extensions ['colcon_pkg']
[12.586s] Level 1:colcon.colcon_core.package_identification:_identify(src) by extension 'colcon_pkg'
[12.586s] Level 1:colcon.colcon_core.package_identification:_identify(src) by extensions ['colcon_meta']
[12.586s] Level 1:colcon.colcon_core.package_identification:_identify(src) by extension 'colcon_meta'
[12.586s] Level 1:colcon.colcon_core.package_identification:_identify(src) by extensions ['ros']
[12.586s] Level 1:colcon.colcon_core.package_identification:_identify(src) by extension 'ros'
[12.586s] Level 1:colcon.colcon_core.package_identification:_identify(src) by extensions ['cmake', 'python']
[12.586s] Level 1:colcon.colcon_core.package_identification:_identify(src) by extension 'cmake'
[12.586s] Level 1:colcon.colcon_core.package_identification:_identify(src) by extension 'python'
[12.586s] Level 1:colcon.colcon_core.package_identification:_identify(src) by extensions ['python_setup_py']
[12.586s] Level 1:colcon.colcon_core.package_identification:_identify(src) by extension 'python_setup_py'
[12.586s] Level 1:colcon.colcon_core.package_identification:_identify(src/Vision) by extensions ['ignore', 'ignore_ament_install']
[12.586s] Level 1:colcon.colcon_core.package_identification:_identify(src/Vision) by extension 'ignore'
[12.586s] Level 1:colcon.colcon_core.package_identification:_identify(src/Vision) by extension 'ignore_ament_install'
[12.586s] Level 1:colcon.colcon_core.package_identification:_identify(src/Vision) by extensions ['colcon_pkg']
[12.586s] Level 1:colcon.colcon_core.package_identification:_identify(src/Vision) by extension 'colcon_pkg'
[12.586s] Level 1:colcon.colcon_core.package_identification:_identify(src/Vision) by extensions ['colcon_meta']
[12.586s] Level 1:colcon.colcon_core.package_identification:_identify(src/Vision) by extension 'colcon_meta'
[12.586s] Level 1:colcon.colcon_core.package_identification:_identify(src/Vision) by extensions ['ros']
[12.586s] Level 1:colcon.colcon_core.package_identification:_identify(src/Vision) by extension 'ros'
[12.658s] DEBUG:colcon.colcon_core.package_identification:Package 'src/Vision' with type 'ros.ament_python' and name 'Vision'
[12.658s] Level 1:colcon.colcon_core.package_discovery:discover_packages(recursive) using defaults
[12.658s] Level 1:colcon.colcon_core.package_discovery:discover_packages(ignore) discover
[12.658s] Level 1:colcon.colcon_core.package_discovery:discover_packages(ignore) using defaults
[12.658s] Level 1:colcon.colcon_core.package_discovery:discover_packages(path) discover
[12.658s] Level 1:colcon.colcon_core.package_discovery:discover_packages(path) using defaults
[13.181s] Level 1:colcon.colcon_core.package_discovery:discover_packages(prefix_path) check parameters
[13.181s] Level 1:colcon.colcon_core.package_discovery:discover_packages(prefix_path) discover
[13.258s] DEBUG:colcon.colcon_installed_package_information.package_discovery:Found 270 installed packages in /opt/ros/humble
[13.259s] Level 1:colcon.colcon_core.package_discovery:discover_packages(prefix_path) using defaults
[13.375s] Level 5:colcon.colcon_core.verb:set package 'Vision' build argument 'cmake_args' from command line to 'None'
[13.375s] Level 5:colcon.colcon_core.verb:set package 'Vision' build argument 'cmake_target' from command line to 'None'
[13.376s] Level 5:colcon.colcon_core.verb:set package 'Vision' build argument 'cmake_target_skip_unavailable' from command line to 'False'
[13.376s] Level 5:colcon.colcon_core.verb:set package 'Vision' build argument 'cmake_clean_cache' from command line to 'False'
[13.376s] Level 5:colcon.colcon_core.verb:set package 'Vision' build argument 'cmake_clean_first' from command line to 'False'
[13.376s] Level 5:colcon.colcon_core.verb:set package 'Vision' build argument 'cmake_force_configure' from command line to 'False'
[13.376s] Level 5:colcon.colcon_core.verb:set package 'Vision' build argument 'ament_cmake_args' from command line to 'None'
[13.376s] Level 5:colcon.colcon_core.verb:set package 'Vision' build argument 'catkin_cmake_args' from command line to 'None'
[13.376s] Level 5:colcon.colcon_core.verb:set package 'Vision' build argument 'catkin_skip_building_tests' from command line to 'False'
[13.376s] DEBUG:colcon.colcon_core.verb:Building package 'Vision' with the following arguments: {'ament_cmake_args': None, 'build_base': '/home/alex/Turret_ws/build/Vision', 'catkin_cmake_args': None, 'catkin_skip_building_tests': False, 'cmake_args': None, 'cmake_clean_cache': False, 'cmake_clean_first': False, 'cmake_force_configure': False, 'cmake_target': None, 'cmake_target_skip_unavailable': False, 'install_base': '/home/alex/Turret_ws/install/Vision', 'merge_install': False, 'path': '/home/alex/Turret_ws/src/Vision', 'symlink_install': False, 'test_result_base': None}
[13.376s] INFO:colcon.colcon_core.executor:Executing jobs using 'parallel' executor
[13.376s] DEBUG:colcon.colcon_parallel_executor.executor.parallel:run_until_complete
[13.377s] INFO:colcon.colcon_ros.task.ament_python.build:Building ROS package in '/home/alex/Turret_ws/src/Vision' with build type 'ament_python'
[13.377s] Level 1:colcon.colcon_core.shell:create_environment_hook('Vision', 'ament_prefix_path')
[13.463s] INFO:colcon.colcon_core.plugin_system:Skipping extension 'colcon_core.shell.bat': Not used on non-Windows systems
[13.464s] INFO:colcon.colcon_core.shell:Creating environment hook '/home/alex/Turret_ws/install/Vision/share/Vision/hook/ament_prefix_path.ps1'
[13.492s] INFO:colcon.colcon_core.shell:Creating environment descriptor '/home/alex/Turret_ws/install/Vision/share/Vision/hook/ament_prefix_path.dsv'
[13.515s] INFO:colcon.colcon_core.shell:Creating environment hook '/home/alex/Turret_ws/install/Vision/share/Vision/hook/ament_prefix_path.sh'
[13.516s] INFO:colcon.colcon_core.shell:Skip shell extension 'powershell' for command environment: Not usable outside of PowerShell
[13.516s] DEBUG:colcon.colcon_core.shell:Skip shell extension 'dsv' for command environment
[13.699s] INFO:colcon.colcon_core.task.python.build:Building Python package in '/home/alex/Turret_ws/src/Vision'
[13.699s] INFO:colcon.colcon_core.shell:Skip shell extension 'powershell' for command environment: Not usable outside of PowerShell
[13.699s] DEBUG:colcon.colcon_core.shell:Skip shell extension 'dsv' for command environment
[14.947s] DEBUG:colcon.colcon_core.event_handler.log_command:Invoking command in '/home/alex/Turret_ws/src/Vision': CONDA_PROMPT_MODIFIER=(base) PYTHONPATH=/home/alex/Turret_ws/build/Vision/prefix_override:/usr/lib/python3/dist-packages/colcon_core/task/python/colcon_distutils_commands:/home/alex/Turret_ws/install/Vision/lib/python3.10/site-packages:${PYTHONPATH} /usr/bin/python3 -W ignore:setup.py install is deprecated setup.py egg_info --egg-base ../../build/Vision build --build-base /home/alex/Turret_ws/build/Vision/build install --record /home/alex/Turret_ws/build/Vision/install.log --single-version-externally-managed install_data
[15.173s] DEBUG:colcon.colcon_core.event_handler.log_command:Invoked command in '/home/alex/Turret_ws/src/Vision' returned '0': CONDA_PROMPT_MODIFIER=(base) PYTHONPATH=/home/alex/Turret_ws/build/Vision/prefix_override:/usr/lib/python3/dist-packages/colcon_core/task/python/colcon_distutils_commands:/home/alex/Turret_ws/install/Vision/lib/python3.10/site-packages:${PYTHONPATH} /usr/bin/python3 -W ignore:setup.py install is deprecated setup.py egg_info --egg-base ../../build/Vision build --build-base /home/alex/Turret_ws/build/Vision/build install --record /home/alex/Turret_ws/build/Vision/install.log --single-version-externally-managed install_data
[15.333s] Level 1:colcon.colcon_core.environment:checking '/home/alex/Turret_ws/install/Vision' for CMake module files
[15.333s] Level 1:colcon.colcon_core.environment:checking '/home/alex/Turret_ws/install/Vision' for CMake config files
[15.334s] Level 1:colcon.colcon_core.environment:checking '/home/alex/Turret_ws/install/Vision/lib'
[15.334s] Level 1:colcon.colcon_core.environment:checking '/home/alex/Turret_ws/install/Vision/bin'
[15.334s] Level 1:colcon.colcon_core.environment:checking '/home/alex/Turret_ws/install/Vision/lib/pkgconfig/Vision.pc'
[15.334s] Level 1:colcon.colcon_core.environment:checking '/home/alex/Turret_ws/install/Vision/lib/python3.10/site-packages'
[15.334s] Level 1:colcon.colcon_core.shell:create_environment_hook('Vision', 'pythonpath')
[15.334s] INFO:colcon.colcon_core.shell:Creating environment hook '/home/alex/Turret_ws/install/Vision/share/Vision/hook/pythonpath.ps1'
[15.334s] INFO:colcon.colcon_core.shell:Creating environment descriptor '/home/alex/Turret_ws/install/Vision/share/Vision/hook/pythonpath.dsv'
[15.335s] INFO:colcon.colcon_core.shell:Creating environment hook '/home/alex/Turret_ws/install/Vision/share/Vision/hook/pythonpath.sh'
[15.335s] Level 1:colcon.colcon_core.environment:checking '/home/alex/Turret_ws/install/Vision/bin'
[15.335s] Level 1:colcon.colcon_core.environment:create_environment_scripts_only(Vision)
[15.335s] INFO:colcon.colcon_core.shell:Creating package script '/home/alex/Turret_ws/install/Vision/share/Vision/package.ps1'
[15.359s] INFO:colcon.colcon_core.shell:Creating package descriptor '/home/alex/Turret_ws/install/Vision/share/Vision/package.dsv'
[15.370s] INFO:colcon.colcon_core.shell:Creating package script '/home/alex/Turret_ws/install/Vision/share/Vision/package.sh'
[15.370s] INFO:colcon.colcon_core.shell:Creating package script '/home/alex/Turret_ws/install/Vision/share/Vision/package.bash'
[15.372s] INFO:colcon.colcon_core.shell:Creating package script '/home/alex/Turret_ws/install/Vision/share/Vision/package.zsh'
[15.382s] Level 1:colcon.colcon_core.environment:create_file_with_runtime_dependencies(/home/alex/Turret_ws/install/Vision/share/colcon-core/packages/Vision)
[15.382s] DEBUG:colcon.colcon_parallel_executor.executor.parallel:closing loop
[15.382s] DEBUG:colcon.colcon_parallel_executor.executor.parallel:loop closed
[15.382s] DEBUG:colcon.colcon_parallel_executor.executor.parallel:run_until_complete finished with '0'
[15.382s] DEBUG:colcon.colcon_core.event_reactor:joining thread
[15.416s] INFO:colcon.colcon_core.plugin_system:Skipping extension 'colcon_notification.desktop_notification.terminal_notifier': Not used on non-Darwin systems
[15.416s] INFO:colcon.colcon_core.plugin_system:Skipping extension 'colcon_notification.desktop_notification.win32': Not used on non-Windows systems
[15.416s] INFO:colcon.colcon_notification.desktop_notification:Sending desktop notification using 'notify2'
[15.426s] DEBUG:colcon.colcon_core.event_reactor:joined thread
[15.426s] INFO:colcon.colcon_core.shell:Creating prefix script '/home/alex/Turret_ws/install/local_setup.ps1'
[15.428s] INFO:colcon.colcon_core.shell:Creating prefix util module '/home/alex/Turret_ws/install/_local_setup_util_ps1.py'
[15.434s] INFO:colcon.colcon_core.shell:Creating prefix chain script '/home/alex/Turret_ws/install/setup.ps1'
[15.457s] INFO:colcon.colcon_core.shell:Creating prefix script '/home/alex/Turret_ws/install/local_setup.sh'
[15.481s] INFO:colcon.colcon_core.shell:Creating prefix util module '/home/alex/Turret_ws/install/_local_setup_util_sh.py'
[15.481s] INFO:colcon.colcon_core.shell:Creating prefix chain script '/home/alex/Turret_ws/install/setup.sh'
[15.482s] INFO:colcon.colcon_core.shell:Creating prefix script '/home/alex/Turret_ws/install/local_setup.bash'
[15.482s] INFO:colcon.colcon_core.shell:Creating prefix chain script '/home/alex/Turret_ws/install/setup.bash'
[15.483s] INFO:colcon.colcon_core.shell:Creating prefix script '/home/alex/Turret_ws/install/local_setup.zsh'
[15.483s] INFO:colcon.colcon_core.shell:Creating prefix chain script '/home/alex/Turret_ws/install/setup.zsh'
