[0.399s] Invoking command in '/home/alex/Turret_ws/src/Vision': CONDA_PROMPT_MODIFIER=(base) PYTHONPATH=/home/alex/Turret_ws/build/Vision/prefix_override:/usr/lib/python3/dist-packages/colcon_core/task/python/colcon_distutils_commands:/home/alex/Turret_ws/install/Vision/lib/python3.10/site-packages:${PYTHONPATH} /usr/bin/python3 -W ignore:setup.py install is deprecated setup.py egg_info --egg-base ../../build/Vision build --build-base /home/alex/Turret_ws/build/Vision/build install --record /home/alex/Turret_ws/build/Vision/install.log --single-version-externally-managed install_data
[0.553s] running egg_info
[0.554s] writing ../../build/Vision/Vision.egg-info/PKG-INFO
[0.554s] writing dependency_links to ../../build/Vision/Vision.egg-info/dependency_links.txt
[0.554s] writing entry points to ../../build/Vision/Vision.egg-info/entry_points.txt
[0.554s] writing requirements to ../../build/Vision/Vision.egg-info/requires.txt
[0.554s] writing top-level names to ../../build/Vision/Vision.egg-info/top_level.txt
[0.555s] reading manifest file '../../build/Vision/Vision.egg-info/SOURCES.txt'
[0.555s] adding license file 'LICENSE'
[0.556s] writing manifest file '../../build/Vision/Vision.egg-info/SOURCES.txt'
[0.556s] running build
[0.556s] running build_py
[0.556s] copying Vision/main_window.py -> /home/alex/Turret_ws/build/Vision/build/lib/Vision
[0.556s] running install
[0.557s] running install_lib
[0.557s] copying /home/alex/Turret_ws/build/Vision/build/lib/Vision/main_window.py -> /home/alex/Turret_ws/install/Vision/lib/python3.10/site-packages/Vision
[0.557s] byte-compiling /home/alex/Turret_ws/install/Vision/lib/python3.10/site-packages/Vision/main_window.py to main_window.cpython-310.pyc
[0.558s] running install_data
[0.558s] running install_egg_info
[0.559s] removing '/home/alex/Turret_ws/install/Vision/lib/python3.10/site-packages/Vision-0.0.0-py3.10.egg-info' (and everything under it)
[0.559s] Copying ../../build/Vision/Vision.egg-info to /home/alex/Turret_ws/install/Vision/lib/python3.10/site-packages/Vision-0.0.0-py3.10.egg-info
[0.559s] running install_scripts
[0.574s] Installing Vision script to /home/alex/Turret_ws/install/Vision/lib/Vision
[0.574s] writing list of installed files to '/home/alex/Turret_ws/build/Vision/install.log'
[0.591s] Invoked command in '/home/alex/Turret_ws/src/Vision' returned '0': CONDA_PROMPT_MODIFIER=(base) PYTHONPATH=/home/alex/Turret_ws/build/Vision/prefix_override:/usr/lib/python3/dist-packages/colcon_core/task/python/colcon_distutils_commands:/home/alex/Turret_ws/install/Vision/lib/python3.10/site-packages:${PYTHONPATH} /usr/bin/python3 -W ignore:setup.py install is deprecated setup.py egg_info --egg-base ../../build/Vision build --build-base /home/alex/Turret_ws/build/Vision/build install --record /home/alex/Turret_ws/build/Vision/install.log --single-version-externally-managed install_data
