[0.418s] Invoking command in '/home/alex/Turret_ws/src/Vision': CONDA_PROMPT_MODIFIER=(Turret3.10) PYTHONPATH=/home/alex/Turret_ws/build/Vision/prefix_override:/usr/lib/python3/dist-packages/colcon_core/task/python/colcon_distutils_commands:/home/alex/Turret_ws/install/Vision/lib/python3.10/site-packages:${PYTHONPATH} /usr/bin/python3 -W ignore:setup.py install is deprecated setup.py egg_info --egg-base ../../build/Vision build --build-base /home/alex/Turret_ws/build/Vision/build install --record /home/alex/Turret_ws/build/Vision/install.log --single-version-externally-managed install_data
[0.583s] running egg_info
[0.584s] writing ../../build/Vision/Vision.egg-info/PKG-INFO
[0.584s] writing dependency_links to ../../build/Vision/Vision.egg-info/dependency_links.txt
[0.584s] writing entry points to ../../build/Vision/Vision.egg-info/entry_points.txt
[0.584s] writing requirements to ../../build/Vision/Vision.egg-info/requires.txt
[0.584s] writing top-level names to ../../build/Vision/Vision.egg-info/top_level.txt
[0.586s] reading manifest file '../../build/Vision/Vision.egg-info/SOURCES.txt'
[0.586s] adding license file 'LICENSE'
[0.586s] writing manifest file '../../build/Vision/Vision.egg-info/SOURCES.txt'
[0.586s] running build
[0.586s] running build_py
[0.587s] running install
[0.587s] running install_lib
[0.588s] running install_data
[0.588s] running install_egg_info
[0.589s] removing '/home/alex/Turret_ws/install/Vision/lib/python3.10/site-packages/Vision-0.0.0-py3.10.egg-info' (and everything under it)
[0.589s] Copying ../../build/Vision/Vision.egg-info to /home/alex/Turret_ws/install/Vision/lib/python3.10/site-packages/Vision-0.0.0-py3.10.egg-info
[0.590s] running install_scripts
[0.605s] Installing Vision script to /home/alex/Turret_ws/install/Vision/lib/Vision
[0.605s] writing list of installed files to '/home/alex/Turret_ws/build/Vision/install.log'
[0.624s] Invoked command in '/home/alex/Turret_ws/src/Vision' returned '0': CONDA_PROMPT_MODIFIER=(Turret3.10) PYTHONPATH=/home/alex/Turret_ws/build/Vision/prefix_override:/usr/lib/python3/dist-packages/colcon_core/task/python/colcon_distutils_commands:/home/alex/Turret_ws/install/Vision/lib/python3.10/site-packages:${PYTHONPATH} /usr/bin/python3 -W ignore:setup.py install is deprecated setup.py egg_info --egg-base ../../build/Vision build --build-base /home/alex/Turret_ws/build/Vision/build install --record /home/alex/Turret_ws/build/Vision/install.log --single-version-externally-managed install_data
