[0.387s] Invoking command in '/home/alex/Turret_ws/src/Vision': CONDA_PROMPT_MODIFIER=(base) PYTHONPATH=/home/alex/Turret_ws/build/Vision/prefix_override:/usr/lib/python3/dist-packages/colcon_core/task/python/colcon_distutils_commands:/home/alex/Turret_ws/install/Vision/lib/python3.10/site-packages:${PYTHONPATH} /usr/bin/python3 -W ignore:setup.py install is deprecated setup.py egg_info --egg-base ../../build/Vision build --build-base /home/alex/Turret_ws/build/Vision/build install --record /home/alex/Turret_ws/build/Vision/install.log --single-version-externally-managed install_data
[0.541s] running egg_info
[0.541s] writing ../../build/Vision/Vision.egg-info/PKG-INFO
[0.541s] writing dependency_links to ../../build/Vision/Vision.egg-info/dependency_links.txt
[0.541s] writing entry points to ../../build/Vision/Vision.egg-info/entry_points.txt
[0.541s] writing requirements to ../../build/Vision/Vision.egg-info/requires.txt
[0.541s] writing top-level names to ../../build/Vision/Vision.egg-info/top_level.txt
[0.542s] reading manifest file '../../build/Vision/Vision.egg-info/SOURCES.txt'
[0.542s] adding license file 'LICENSE'
[0.543s] writing manifest file '../../build/Vision/Vision.egg-info/SOURCES.txt'
[0.543s] running build
[0.543s] running build_py
[0.543s] running install
[0.543s] running install_lib
[0.544s] running install_data
[0.544s] running install_egg_info
[0.545s] removing '/home/alex/Turret_ws/install/Vision/lib/python3.10/site-packages/Vision-0.0.0-py3.10.egg-info' (and everything under it)
[0.545s] Copying ../../build/Vision/Vision.egg-info to /home/alex/Turret_ws/install/Vision/lib/python3.10/site-packages/Vision-0.0.0-py3.10.egg-info
[0.546s] running install_scripts
[0.560s] Installing Vision script to /home/alex/Turret_ws/install/Vision/lib/Vision
[0.560s] writing list of installed files to '/home/alex/Turret_ws/build/Vision/install.log'
[0.576s] Invoked command in '/home/alex/Turret_ws/src/Vision' returned '0': CONDA_PROMPT_MODIFIER=(base) PYTHONPATH=/home/alex/Turret_ws/build/Vision/prefix_override:/usr/lib/python3/dist-packages/colcon_core/task/python/colcon_distutils_commands:/home/alex/Turret_ws/install/Vision/lib/python3.10/site-packages:${PYTHONPATH} /usr/bin/python3 -W ignore:setup.py install is deprecated setup.py egg_info --egg-base ../../build/Vision build --build-base /home/alex/Turret_ws/build/Vision/build install --record /home/alex/Turret_ws/build/Vision/install.log --single-version-externally-managed install_data
