[0.428s] DEBUG:colcon:Command line arguments: ['/usr/bin/colcon', 'build']
[0.428s] DEBUG:colcon:Parsed command line arguments: Namespace(log_base=None, log_level=None, verb_name='build', build_base='build', install_base='install', merge_install=False, symlink_install=False, test_result_base=None, continue_on_error=False, executor='parallel', parallel_workers=16, event_handlers=None, ignore_user_meta=False, metas=['./colcon.meta'], base_paths=['.'], packages_ignore=None, packages_ignore_regex=None, paths=None, packages_up_to=None, packages_up_to_regex=None, packages_above=None, packages_above_and_dependencies=None, packages_above_depth=None, packages_select_by_dep=None, packages_skip_by_dep=None, packages_skip_up_to=None, packages_select_build_failed=False, packages_skip_build_finished=False, packages_select_test_failures=False, packages_skip_test_passed=False, packages_select=None, packages_skip=None, packages_select_regex=None, packages_skip_regex=None, packages_start=None, packages_end=None, allow_overriding=[], cmake_args=None, cmake_target=None, cmake_target_skip_unavailable=False, cmake_clean_cache=False, cmake_clean_first=False, cmake_force_configure=False, ament_cmake_args=None, catkin_cmake_args=None, catkin_skip_building_tests=False, mixin_files=None, mixin=None, verb_parser=<colcon_mixin.mixin.mixin_argument.MixinArgumentDecorator object at 0x79d83b760d60>, verb_extension=<colcon_core.verb.build.BuildVerb object at 0x79d83b8d26b0>, main=<bound method BuildVerb.main of <colcon_core.verb.build.BuildVerb object at 0x79d83b8d26b0>>, mixin_verb=('build',))
[2.835s] Level 1:colcon.colcon_core.package_discovery:discover_packages(colcon_meta) check parameters
[2.835s] Level 1:colcon.colcon_core.package_discovery:discover_packages(recursive) check parameters
[2.835s] Level 1:colcon.colcon_core.package_discovery:discover_packages(ignore) check parameters
[2.835s] Level 1:colcon.colcon_core.package_discovery:discover_packages(path) check parameters
[2.835s] Level 1:colcon.colcon_core.package_discovery:discover_packages(colcon_meta) discover
[2.836s] Level 1:colcon.colcon_core.package_discovery:discover_packages(recursive) discover
[2.836s] INFO:colcon.colcon_core.package_discovery:Crawling recursively for packages in '/home/alex/Turret_ws'
[2.836s] Level 1:colcon.colcon_core.package_identification:_identify(.) by extensions ['ignore', 'ignore_ament_install']
[2.836s] Level 1:colcon.colcon_core.package_identification:_identify(.) by extension 'ignore'
[2.837s] Level 1:colcon.colcon_core.package_identification:_identify(.) by extension 'ignore_ament_install'
[2.837s] Level 1:colcon.colcon_core.package_identification:_identify(.) by extensions ['colcon_pkg']
[2.837s] Level 1:colcon.colcon_core.package_identification:_identify(.) by extension 'colcon_pkg'
[2.837s] Level 1:colcon.colcon_core.package_identification:_identify(.) by extensions ['colcon_meta']
[2.837s] Level 1:colcon.colcon_core.package_identification:_identify(.) by extension 'colcon_meta'
[2.837s] Level 1:colcon.colcon_core.package_identification:_identify(.) by extensions ['ros']
[2.838s] Level 1:colcon.colcon_core.package_identification:_identify(.) by extension 'ros'
[2.860s] Level 1:colcon.colcon_core.package_identification:_identify(.) by extensions ['cmake', 'python']
[2.860s] Level 1:colcon.colcon_core.package_identification:_identify(.) by extension 'cmake'
[2.860s] Level 1:colcon.colcon_core.package_identification:_identify(.) by extension 'python'
[2.860s] Level 1:colcon.colcon_core.package_identification:_identify(.) by extensions ['python_setup_py']
[2.860s] Level 1:colcon.colcon_core.package_identification:_identify(.) by extension 'python_setup_py'
[2.860s] Level 1:colcon.colcon_core.package_identification:_identify(build) by extensions ['ignore', 'ignore_ament_install']
[2.861s] Level 1:colcon.colcon_core.package_identification:_identify(build) by extension 'ignore'
[2.861s] Level 1:colcon.colcon_core.package_identification:_identify(build) ignored
[2.861s] Level 1:colcon.colcon_core.package_identification:_identify(install) by extensions ['ignore', 'ignore_ament_install']
[2.861s] Level 1:colcon.colcon_core.package_identification:_identify(install) by extension 'ignore'
[2.861s] Level 1:colcon.colcon_core.package_identification:_identify(install) ignored
[2.861s] Level 1:colcon.colcon_core.package_identification:_identify(log) by extensions ['ignore', 'ignore_ament_install']
[2.861s] Level 1:colcon.colcon_core.package_identification:_identify(log) by extension 'ignore'
[2.861s] Level 1:colcon.colcon_core.package_identification:_identify(log) ignored
[2.861s] Level 1:colcon.colcon_core.package_identification:_identify(src) by extensions ['ignore', 'ignore_ament_install']
[2.861s] Level 1:colcon.colcon_core.package_identification:_identify(src) by extension 'ignore'
[2.861s] Level 1:colcon.colcon_core.package_identification:_identify(src) by extension 'ignore_ament_install'
[2.862s] Level 1:colcon.colcon_core.package_identification:_identify(src) by extensions ['colcon_pkg']
[2.862s] Level 1:colcon.colcon_core.package_identification:_identify(src) by extension 'colcon_pkg'
[2.862s] Level 1:colcon.colcon_core.package_identification:_identify(src) by extensions ['colcon_meta']
[2.862s] Level 1:colcon.colcon_core.package_identification:_identify(src) by extension 'colcon_meta'
[2.862s] Level 1:colcon.colcon_core.package_identification:_identify(src) by extensions ['ros']
[2.862s] Level 1:colcon.colcon_core.package_identification:_identify(src) by extension 'ros'
[2.862s] Level 1:colcon.colcon_core.package_identification:_identify(src) by extensions ['cmake', 'python']
[2.862s] Level 1:colcon.colcon_core.package_identification:_identify(src) by extension 'cmake'
[2.862s] Level 1:colcon.colcon_core.package_identification:_identify(src) by extension 'python'
[2.862s] Level 1:colcon.colcon_core.package_identification:_identify(src) by extensions ['python_setup_py']
[2.862s] Level 1:colcon.colcon_core.package_identification:_identify(src) by extension 'python_setup_py'
[2.862s] Level 1:colcon.colcon_core.package_identification:_identify(src/Vision) by extensions ['ignore', 'ignore_ament_install']
[2.862s] Level 1:colcon.colcon_core.package_identification:_identify(src/Vision) by extension 'ignore'
[2.862s] Level 1:colcon.colcon_core.package_identification:_identify(src/Vision) by extension 'ignore_ament_install'
[2.862s] Level 1:colcon.colcon_core.package_identification:_identify(src/Vision) by extensions ['colcon_pkg']
[2.862s] Level 1:colcon.colcon_core.package_identification:_identify(src/Vision) by extension 'colcon_pkg'
[2.863s] Level 1:colcon.colcon_core.package_identification:_identify(src/Vision) by extensions ['colcon_meta']
[2.863s] Level 1:colcon.colcon_core.package_identification:_identify(src/Vision) by extension 'colcon_meta'
[2.863s] Level 1:colcon.colcon_core.package_identification:_identify(src/Vision) by extensions ['ros']
[2.863s] Level 1:colcon.colcon_core.package_identification:_identify(src/Vision) by extension 'ros'
[2.895s] DEBUG:colcon.colcon_core.package_identification:Package 'src/Vision' with type 'ros.ament_python' and name 'Vision'
[2.895s] Level 1:colcon.colcon_core.package_discovery:discover_packages(recursive) using defaults
[2.895s] Level 1:colcon.colcon_core.package_discovery:discover_packages(ignore) discover
[2.895s] Level 1:colcon.colcon_core.package_discovery:discover_packages(ignore) using defaults
[2.895s] Level 1:colcon.colcon_core.package_discovery:discover_packages(path) discover
[2.895s] Level 1:colcon.colcon_core.package_discovery:discover_packages(path) using defaults
[3.058s] Level 1:colcon.colcon_core.package_discovery:discover_packages(prefix_path) check parameters
[3.058s] Level 1:colcon.colcon_core.package_discovery:discover_packages(prefix_path) discover
[3.061s] DEBUG:colcon.colcon_installed_package_information.package_discovery:Found 270 installed packages in /opt/ros/humble
[3.061s] Level 1:colcon.colcon_core.package_discovery:discover_packages(prefix_path) using defaults
[3.108s] Level 5:colcon.colcon_core.verb:set package 'Vision' build argument 'cmake_args' from command line to 'None'
[3.108s] Level 5:colcon.colcon_core.verb:set package 'Vision' build argument 'cmake_target' from command line to 'None'
[3.108s] Level 5:colcon.colcon_core.verb:set package 'Vision' build argument 'cmake_target_skip_unavailable' from command line to 'False'
[3.108s] Level 5:colcon.colcon_core.verb:set package 'Vision' build argument 'cmake_clean_cache' from command line to 'False'
[3.108s] Level 5:colcon.colcon_core.verb:set package 'Vision' build argument 'cmake_clean_first' from command line to 'False'
[3.108s] Level 5:colcon.colcon_core.verb:set package 'Vision' build argument 'cmake_force_configure' from command line to 'False'
[3.108s] Level 5:colcon.colcon_core.verb:set package 'Vision' build argument 'ament_cmake_args' from command line to 'None'
[3.108s] Level 5:colcon.colcon_core.verb:set package 'Vision' build argument 'catkin_cmake_args' from command line to 'None'
[3.108s] Level 5:colcon.colcon_core.verb:set package 'Vision' build argument 'catkin_skip_building_tests' from command line to 'False'
[3.108s] DEBUG:colcon.colcon_core.verb:Building package 'Vision' with the following arguments: {'ament_cmake_args': None, 'build_base': '/home/alex/Turret_ws/build/Vision', 'catkin_cmake_args': None, 'catkin_skip_building_tests': False, 'cmake_args': None, 'cmake_clean_cache': False, 'cmake_clean_first': False, 'cmake_force_configure': False, 'cmake_target': None, 'cmake_target_skip_unavailable': False, 'install_base': '/home/alex/Turret_ws/install/Vision', 'merge_install': False, 'path': '/home/alex/Turret_ws/src/Vision', 'symlink_install': False, 'test_result_base': None}
[3.108s] INFO:colcon.colcon_core.executor:Executing jobs using 'parallel' executor
[3.109s] DEBUG:colcon.colcon_parallel_executor.executor.parallel:run_until_complete
[3.109s] INFO:colcon.colcon_ros.task.ament_python.build:Building ROS package in '/home/alex/Turret_ws/src/Vision' with build type 'ament_python'
[3.109s] Level 1:colcon.colcon_core.shell:create_environment_hook('Vision', 'ament_prefix_path')
[3.142s] INFO:colcon.colcon_core.plugin_system:Skipping extension 'colcon_core.shell.bat': Not used on non-Windows systems
[3.142s] INFO:colcon.colcon_core.shell:Creating environment hook '/home/alex/Turret_ws/install/Vision/share/Vision/hook/ament_prefix_path.ps1'
[3.144s] INFO:colcon.colcon_core.shell:Creating environment descriptor '/home/alex/Turret_ws/install/Vision/share/Vision/hook/ament_prefix_path.dsv'
[3.160s] INFO:colcon.colcon_core.shell:Creating environment hook '/home/alex/Turret_ws/install/Vision/share/Vision/hook/ament_prefix_path.sh'
[3.168s] INFO:colcon.colcon_core.shell:Skip shell extension 'powershell' for command environment: Not usable outside of PowerShell
[3.169s] DEBUG:colcon.colcon_core.shell:Skip shell extension 'dsv' for command environment
[3.354s] INFO:colcon.colcon_core.task.python.build:Building Python package in '/home/alex/Turret_ws/src/Vision'
[3.354s] INFO:colcon.colcon_core.shell:Skip shell extension 'powershell' for command environment: Not usable outside of PowerShell
[3.354s] DEBUG:colcon.colcon_core.shell:Skip shell extension 'dsv' for command environment
[3.943s] DEBUG:colcon.colcon_core.event_handler.log_command:Invoking command in '/home/alex/Turret_ws/src/Vision': CONDA_PROMPT_MODIFIER=(Turret3.10) PYTHONPATH=/home/alex/Turret_ws/build/Vision/prefix_override:/usr/lib/python3/dist-packages/colcon_core/task/python/colcon_distutils_commands:/home/alex/Turret_ws/install/Vision/lib/python3.10/site-packages:${PYTHONPATH} /usr/bin/python3 -W ignore:setup.py install is deprecated setup.py egg_info --egg-base ../../build/Vision build --build-base /home/alex/Turret_ws/build/Vision/build install --record /home/alex/Turret_ws/build/Vision/install.log --single-version-externally-managed install_data
[4.115s] DEBUG:colcon.colcon_core.event_handler.log_command:Invoked command in '/home/alex/Turret_ws/src/Vision' returned '0': CONDA_PROMPT_MODIFIER=(Turret3.10) PYTHONPATH=/home/alex/Turret_ws/build/Vision/prefix_override:/usr/lib/python3/dist-packages/colcon_core/task/python/colcon_distutils_commands:/home/alex/Turret_ws/install/Vision/lib/python3.10/site-packages:${PYTHONPATH} /usr/bin/python3 -W ignore:setup.py install is deprecated setup.py egg_info --egg-base ../../build/Vision build --build-base /home/alex/Turret_ws/build/Vision/build install --record /home/alex/Turret_ws/build/Vision/install.log --single-version-externally-managed install_data
[4.133s] Level 1:colcon.colcon_core.environment:checking '/home/alex/Turret_ws/install/Vision' for CMake module files
[4.133s] Level 1:colcon.colcon_core.environment:checking '/home/alex/Turret_ws/install/Vision' for CMake config files
[4.133s] Level 1:colcon.colcon_core.environment:checking '/home/alex/Turret_ws/install/Vision/lib'
[4.133s] Level 1:colcon.colcon_core.environment:checking '/home/alex/Turret_ws/install/Vision/bin'
[4.133s] Level 1:colcon.colcon_core.environment:checking '/home/alex/Turret_ws/install/Vision/lib/pkgconfig/Vision.pc'
[4.134s] Level 1:colcon.colcon_core.environment:checking '/home/alex/Turret_ws/install/Vision/lib/python3.10/site-packages'
[4.134s] Level 1:colcon.colcon_core.shell:create_environment_hook('Vision', 'pythonpath')
[4.134s] INFO:colcon.colcon_core.shell:Creating environment hook '/home/alex/Turret_ws/install/Vision/share/Vision/hook/pythonpath.ps1'
[4.134s] INFO:colcon.colcon_core.shell:Creating environment descriptor '/home/alex/Turret_ws/install/Vision/share/Vision/hook/pythonpath.dsv'
[4.134s] INFO:colcon.colcon_core.shell:Creating environment hook '/home/alex/Turret_ws/install/Vision/share/Vision/hook/pythonpath.sh'
[4.135s] Level 1:colcon.colcon_core.environment:checking '/home/alex/Turret_ws/install/Vision/bin'
[4.135s] Level 1:colcon.colcon_core.environment:create_environment_scripts_only(Vision)
[4.135s] INFO:colcon.colcon_core.shell:Creating package script '/home/alex/Turret_ws/install/Vision/share/Vision/package.ps1'
[4.136s] INFO:colcon.colcon_core.shell:Creating package descriptor '/home/alex/Turret_ws/install/Vision/share/Vision/package.dsv'
[4.136s] INFO:colcon.colcon_core.shell:Creating package script '/home/alex/Turret_ws/install/Vision/share/Vision/package.sh'
[4.137s] INFO:colcon.colcon_core.shell:Creating package script '/home/alex/Turret_ws/install/Vision/share/Vision/package.bash'
[4.151s] INFO:colcon.colcon_core.shell:Creating package script '/home/alex/Turret_ws/install/Vision/share/Vision/package.zsh'
[4.161s] Level 1:colcon.colcon_core.environment:create_file_with_runtime_dependencies(/home/alex/Turret_ws/install/Vision/share/colcon-core/packages/Vision)
[4.162s] DEBUG:colcon.colcon_parallel_executor.executor.parallel:closing loop
[4.163s] DEBUG:colcon.colcon_parallel_executor.executor.parallel:loop closed
[4.163s] DEBUG:colcon.colcon_parallel_executor.executor.parallel:run_until_complete finished with '0'
[4.164s] DEBUG:colcon.colcon_core.event_reactor:joining thread
[4.196s] INFO:colcon.colcon_core.plugin_system:Skipping extension 'colcon_notification.desktop_notification.terminal_notifier': Not used on non-Darwin systems
[4.196s] INFO:colcon.colcon_core.plugin_system:Skipping extension 'colcon_notification.desktop_notification.win32': Not used on non-Windows systems
[4.196s] INFO:colcon.colcon_notification.desktop_notification:Sending desktop notification using 'notify2'
[4.232s] DEBUG:colcon.colcon_core.event_reactor:joined thread
[4.232s] INFO:colcon.colcon_core.shell:Creating prefix script '/home/alex/Turret_ws/install/local_setup.ps1'
[4.233s] INFO:colcon.colcon_core.shell:Creating prefix util module '/home/alex/Turret_ws/install/_local_setup_util_ps1.py'
[4.234s] INFO:colcon.colcon_core.shell:Creating prefix chain script '/home/alex/Turret_ws/install/setup.ps1'
[4.235s] INFO:colcon.colcon_core.shell:Creating prefix script '/home/alex/Turret_ws/install/local_setup.sh'
[4.245s] INFO:colcon.colcon_core.shell:Creating prefix util module '/home/alex/Turret_ws/install/_local_setup_util_sh.py'
[4.246s] INFO:colcon.colcon_core.shell:Creating prefix chain script '/home/alex/Turret_ws/install/setup.sh'
[4.254s] INFO:colcon.colcon_core.shell:Creating prefix script '/home/alex/Turret_ws/install/local_setup.bash'
[4.255s] INFO:colcon.colcon_core.shell:Creating prefix chain script '/home/alex/Turret_ws/install/setup.bash'
[4.255s] INFO:colcon.colcon_core.shell:Creating prefix script '/home/alex/Turret_ws/install/local_setup.zsh'
[4.256s] INFO:colcon.colcon_core.shell:Creating prefix chain script '/home/alex/Turret_ws/install/setup.zsh'
