running egg_info
writing ../../build/Vision/Vision.egg-info/PKG-INFO
writing dependency_links to ../../build/Vision/Vision.egg-info/dependency_links.txt
writing entry points to ../../build/Vision/Vision.egg-info/entry_points.txt
writing requirements to ../../build/Vision/Vision.egg-info/requires.txt
writing top-level names to ../../build/Vision/Vision.egg-info/top_level.txt
reading manifest file '../../build/Vision/Vision.egg-info/SOURCES.txt'
adding license file 'LICENSE'
writing manifest file '../../build/Vision/Vision.egg-info/SOURCES.txt'
running build
running build_py
copying Vision/app.py -> /home/alex/Turret_ws/build/Vision/build/lib/Vision
copying Vision/VisionSubscriber.py -> /home/alex/Turret_ws/build/Vision/build/lib/Vision
copying Vision/main_window.py -> /home/alex/Turret_ws/build/Vision/build/lib/Vision
running install
running install_lib
copying /home/alex/Turret_ws/build/Vision/build/lib/Vision/app.py -> /home/alex/Turret_ws/install/Vision/lib/python3.10/site-packages/Vision
copying /home/alex/Turret_ws/build/Vision/build/lib/Vision/VisionSubscriber.py -> /home/alex/Turret_ws/install/Vision/lib/python3.10/site-packages/Vision
copying /home/alex/Turret_ws/build/Vision/build/lib/Vision/main_window.py -> /home/alex/Turret_ws/install/Vision/lib/python3.10/site-packages/Vision
byte-compiling /home/alex/Turret_ws/install/Vision/lib/python3.10/site-packages/Vision/app.py to app.cpython-310.pyc
byte-compiling /home/alex/Turret_ws/install/Vision/lib/python3.10/site-packages/Vision/VisionSubscriber.py to VisionSubscriber.cpython-310.pyc
byte-compiling /home/alex/Turret_ws/install/Vision/lib/python3.10/site-packages/Vision/main_window.py to main_window.cpython-310.pyc
running install_data
running install_egg_info
removing '/home/alex/Turret_ws/install/Vision/lib/python3.10/site-packages/Vision-0.0.0-py3.10.egg-info' (and everything under it)
Copying ../../build/Vision/Vision.egg-info to /home/alex/Turret_ws/install/Vision/lib/python3.10/site-packages/Vision-0.0.0-py3.10.egg-info
running install_scripts
Installing Vision script to /home/alex/Turret_ws/install/Vision/lib/Vision
writing list of installed files to '/home/alex/Turret_ws/build/Vision/install.log'
